Arguments: 
  C:\Program Files\nodejs\node.exe C:\Program Files\nodejs\node_modules\yarn\bin\yarn.js add path

PATH: 
  C:\Windows\system32;C:\Windows;C:\Windows\System32\Wbem;C:\Windows\System32\WindowsPowerShell\v1.0\;C:\Program Files\TortoiseSVN\bin;C:\Program Files\Microsoft VS Code\bin;C:\web\mysql-8.0.11-winx64\bin;C:\Program Files\Git\cmd;C:\Program Files (x86)\NVIDIA Corporation\PhysX\Common;C:\Program Files\TortoiseGit\bin;C:\Program Files\nodejs\;C:\Program Files\Git\usr\bin;D:\;C:\Program Files\nodejs;C:\Program Files\Git\usr\bin

Yarn version: 
  1.16.0

Node version: 
  8.15.0

Platform: 
  win32 x64

Trace: 
  Error: EPERM: operation not permitted, unlink 'F:\docs\benNotes\node_modules\node-libs-browser\node_modules\punycode'

npm manifest: 
  {
    "name": "ben-notes",
    "version": "1.0.0",
    "description": "note taking",
    "license": "MIT",
    "author": "ben",
    "scripts": {
      "docs:build": "vuepress build docs",
      "build": "vuepress build ./docs",
      "dev": "vuepress dev ./docs"
    },
    "main": "index.js",
    "directories": {
      "doc": "docs"
    },
    "dependencies": {},
    "devDependencies": {
      "vuepress": "^0.12.0"
    },
    "repository": {
      "type": "git",
      "url": "git+https://github.com/amusiq/benNotes.git"
    },
    "keywords": [],
    "bugs": {
      "url": "https://github.com/amusiq/benNotes/issues"
    },
    "homepage": "https://github.com/amusiq/benNotes#readme"
  }

yarn manifest: 
  No manifest

Lockfile: 
  # THIS IS AN AUTOGENERATED FILE. DO NOT EDIT THIS FILE DIRECTLY.
  # yarn lockfile v1
